# JRE version: Java(TM) SE Runtime Environment (8.0_91-b14) (build 1.8.0_91-b14)
# Java VM: Java HotSpot(TM) 64-Bit Server VM (25.91-b14 mixed mode windows-amd64 compressed oops)
Heap:
 PSYoungGen      total 466432K, used 54135K [0x000000076ab80000, 0x0000000791b00000, 0x00000007c0000000)
  eden space 398336K, 12% used [0x000000076ab80000,0x000000076db6b9b0,0x0000000783080000)
  from space 68096K, 7% used [0x0000000783080000,0x0000000783572360,0x0000000787300000)
  to   space 67072K, 0% used [0x000000078d980000,0x000000078d980000,0x0000000791b00000)
 ParOldGen       total 284672K, used 122379K [0x00000006c0200000, 0x00000006d1800000, 0x000000076ab80000)
  object space 284672K, 42% used [0x00000006c0200000,0x00000006c7982d28,0x00000006d1800000)
 Metaspace       used 32429K, capacity 32713K, committed 33024K, reserved 1079296K
  class space    used 3969K, capacity 4069K, committed 4096K, reserved 1048576K
GC Heap History (10 events):
Event: 12.544 GC heap before
{Heap before GC invocations=12 (full 2):
 PSYoungGen      total 262656K, used 262652K [0x000000076ab80000, 0x0000000782000000, 0x00000007c0000000)
  eden space 246784K, 100% used [0x000000076ab80000,0x0000000779c80000,0x0000000779c80000)
  from space 15872K, 99% used [0x0000000779c80000,0x000000077abff300,0x000000077ac00000)
  to   space 29184K, 0% used [0x0000000780380000,0x0000000780380000,0x0000000782000000)
 ParOldGen       total 129024K, used 59462K [0x00000006c0200000, 0x00000006c8000000, 0x000000076ab80000)
  object space 129024K, 46% used [0x00000006c0200000,0x00000006c3c11a68,0x00000006c8000000)
 Metaspace       used 27633K, capacity 27909K, committed 28160K, reserved 1073152K
  class space    used 3407K, capacity 3517K, committed 3584K, reserved 1048576K
Event: 12.598 GC heap after
Heap after GC invocations=12 (full 2):
 PSYoungGen      total 333824K, used 29161K [0x000000076ab80000, 0x0000000785500000, 0x00000007c0000000)
  eden space 304640K, 0% used [0x000000076ab80000,0x000000076ab80000,0x000000077d500000)
  from space 29184K, 99% used [0x0000000780380000,0x0000000781ffa438,0x0000000782000000)
  to   space 47616K, 0% used [0x000000077d500000,0x000000077d500000,0x0000000780380000)
 ParOldGen       total 129024K, used 98244K [0x00000006c0200000, 0x00000006c8000000, 0x000000076ab80000)
  object space 129024K, 76% used [0x00000006c0200000,0x00000006c61f11f0,0x00000006c8000000)
 Metaspace       used 27633K, capacity 27909K, committed 28160K, reserved 1073152K
  class space    used 3407K, capacity 3517K, committed 3584K, reserved 1048576K
}
Event: 14.874 GC heap before
{Heap before GC invocations=13 (full 2):
 PSYoungGen      total 333824K, used 333801K [0x000000076ab80000, 0x0000000785500000, 0x00000007c0000000)
  eden space 304640K, 100% used [0x000000076ab80000,0x000000077d500000,0x000000077d500000)
  from space 29184K, 99% used [0x0000000780380000,0x0000000781ffa438,0x0000000782000000)
  to   space 47616K, 0% used [0x000000077d500000,0x000000077d500000,0x0000000780380000)
 ParOldGen       total 129024K, used 98244K [0x00000006c0200000, 0x00000006c8000000, 0x000000076ab80000)
  object space 129024K, 76% used [0x00000006c0200000,0x00000006c61f11f0,0x00000006c8000000)
 Metaspace       used 28101K, capacity 28357K, committed 28672K, reserved 1075200K
  class space    used 3471K, capacity 3581K, committed 3584K, reserved 1048576K
Event: 14.925 GC heap after
Heap after GC invocations=13 (full 2):
 PSYoungGen      total 352256K, used 47599K [0x000000076ab80000, 0x000000078d480000, 0x00000007c0000000)
  eden space 304640K, 0% used [0x000000076ab80000,0x000000076ab80000,0x000000077d500000)
  from space 47616K, 99% used [0x000000077d500000,0x000000078037be90,0x0000000780380000)
  to   space 70144K, 0% used [0x0000000789000000,0x0000000789000000,0x000000078d480000)
 ParOldGen       total 137728K, used 137416K [0x00000006c0200000, 0x00000006c8880000, 0x000000076ab80000)
  object space 137728K, 99% used [0x00000006c0200000,0x00000006c8832160,0x00000006c8880000)
 Metaspace       used 28101K, capacity 28357K, committed 28672K, reserved 1075200K
  class space    used 3471K, capacity 3581K, committed 3584K, reserved 1048576K
}
Event: 14.925 GC heap before
{Heap before GC invocations=14 (full 3):
 PSYoungGen      total 352256K, used 47599K [0x000000076ab80000, 0x000000078d480000, 0x00000007c0000000)
  eden space 304640K, 0% used [0x000000076ab80000,0x000000076ab80000,0x000000077d500000)
  from space 47616K, 99% used [0x000000077d500000,0x000000078037be90,0x0000000780380000)
  to   space 70144K, 0% used [0x0000000789000000,0x0000000789000000,0x000000078d480000)
 ParOldGen       total 137728K, used 137416K [0x00000006c0200000, 0x00000006c8880000, 0x000000076ab80000)
  object space 137728K, 99% used [0x00000006c0200000,0x00000006c8832160,0x00000006c8880000)
 Metaspace       used 28101K, capacity 28357K, committed 28672K, reserved 1075200K
  class space    used 3471K, capacity 3581K, committed 3584K, reserved 1048576K
Event: 15.048 GC heap after
Heap after GC invocations=14 (full 3):
 PSYoungGen      total 352256K, used 0K [0x000000076ab80000, 0x000000078d480000, 0x00000007c0000000)
  eden space 304640K, 0% used [0x000000076ab80000,0x000000076ab80000,0x000000077d500000)
  from space 47616K, 0% used [0x000000077d500000,0x000000077d500000,0x0000000780380000)
  to   space 70144K, 0% used [0x0000000789000000,0x0000000789000000,0x000000078d480000)
 ParOldGen       total 284672K, used 116590K [0x00000006c0200000, 0x00000006d1800000, 0x000000076ab80000)
  object space 284672K, 40% used [0x00000006c0200000,0x00000006c73dbae0,0x00000006d1800000)
 Metaspace       used 28101K, capacity 28357K, committed 28672K, reserved 1075200K
  class space    used 3471K, capacity 3581K, committed 3584K, reserved 1048576K
}
Event: 19.939 GC heap before
{Heap before GC invocations=15 (full 3):
 PSYoungGen      total 352256K, used 304640K [0x000000076ab80000, 0x000000078d480000, 0x00000007c0000000)
  eden space 304640K, 100% used [0x000000076ab80000,0x000000077d500000,0x000000077d500000)
  from space 47616K, 0% used [0x000000077d500000,0x000000077d500000,0x0000000780380000)
  to   space 70144K, 0% used [0x0000000789000000,0x0000000789000000,0x000000078d480000)
 ParOldGen       total 284672K, used 116590K [0x00000006c0200000, 0x00000006d1800000, 0x000000076ab80000)
  object space 284672K, 40% used [0x00000006c0200000,0x00000006c73dbae0,0x00000006d1800000)
 Metaspace       used 31462K, capacity 31779K, committed 32000K, reserved 1077248K
  class space    used 3906K, capacity 4036K, committed 4096K, reserved 1048576K
Event: 19.948 GC heap after
Heap after GC invocations=15 (full 3):
 PSYoungGen      total 436736K, used 9997K [0x000000076ab80000, 0x000000078b580000, 0x00000007c0000000)
  eden space 398336K, 0% used [0x000000076ab80000,0x000000076ab80000,0x0000000783080000)
  from space 38400K, 26% used [0x0000000789000000,0x00000007899c3428,0x000000078b580000)
  to   space 68096K, 0% used [0x0000000783080000,0x0000000783080000,0x0000000787300000)
 ParOldGen       total 284672K, used 116598K [0x00000006c0200000, 0x00000006d1800000, 0x000000076ab80000)
  object space 284672K, 40% used [0x00000006c0200000,0x00000006c73ddae0,0x00000006d1800000)
 Metaspace       used 31462K, capacity 31779K, committed 32000K, reserved 1077248K
  class space    used 3906K, capacity 4036K, committed 4096K, reserved 1048576K
}
Event: 30.392 GC heap before
{Heap before GC invocations=16 (full 3):
 PSYoungGen      total 436736K, used 408333K [0x000000076ab80000, 0x000000078b580000, 0x00000007c0000000)
  eden space 398336K, 100% used [0x000000076ab80000,0x0000000783080000,0x0000000783080000)
  from space 38400K, 26% used [0x0000000789000000,0x00000007899c3428,0x000000078b580000)
  to   space 68096K, 0% used [0x0000000783080000,0x0000000783080000,0x0000000787300000)
 ParOldGen       total 284672K, used 116598K [0x00000006c0200000, 0x00000006d1800000, 0x000000076ab80000)
  object space 284672K, 40% used [0x00000006c0200000,0x00000006c73ddae0,0x00000006d1800000)
 Metaspace       used 32221K, capacity 32515K, committed 32768K, reserved 1077248K
  class space    used 3965K, capacity 4068K, committed 4096K, reserved 1048576K
Event: 30.398 GC heap after
Heap after GC invocations=16 (full 3):
 PSYoungGen      total 466432K, used 5064K [0x000000076ab80000, 0x0000000791b00000, 0x00000007c0000000)
  eden space 398336K, 0% used [0x000000076ab80000,0x000000076ab80000,0x0000000783080000)
  from space 68096K, 7% used [0x0000000783080000,0x0000000783572360,0x0000000787300000)
  to   space 67072K, 0% used [0x000000078d980000,0x000000078d980000,0x0000000791b00000)
 ParOldGen       total 284672K, used 122379K [0x00000006c0200000, 0x00000006d1800000, 0x000000076ab80000)
  object space 284672K, 42% used [0x00000006c0200000,0x00000006c7982d28,0x00000006d1800000)
 Metaspace       used 32221K, capacity 32515K, committed 32768K, reserved 1077248K
  class space    used 3965K, capacity 4068K, committed 4096K, reserved 1048576K
}

